<?xml version="1.0" encoding="UTF-8"?>
<robot generator="Robot 6.0.1 (Python 3.11.3 on win32)" generated="20230510 21:22:49.401" rpa="false" schemaversion="3">
<suite id="s1" name="TS01" source="C:\Users\BeiBA\PycharmProjects\pythonProject8\venv\TS01\TS01.robot">
<test id="s1-t1" name="Pre-conditions" line="7">
<kw name="Open Rosetta" library="Keywords">
<arg>${URL}</arg>
<kw name="Open Browser" library="SeleniumLibrary">
<arg>${URL}</arg>
<arg>edge</arg>
<doc>Opens a new browser instance to the optional ``url``.</doc>
<msg timestamp="20230510 21:22:49.739" level="INFO">Opening browser 'edge' to base url 'https://rosettacode.org/wiki/Rosetta_Code'.</msg>
<status status="PASS" starttime="20230510 21:22:49.739" endtime="20230510 21:22:53.547"/>
</kw>
<status status="PASS" starttime="20230510 21:22:49.738" endtime="20230510 21:22:53.548"/>
</kw>
<status status="PASS" starttime="20230510 21:22:49.738" endtime="20230510 21:22:53.549"/>
</test>
<test id="s1-t2" name="Verify Discord Navigation Link" line="10">
<kw name="Verify Discord Navigation Link" library="Keywords">
<arg>${URL_Discord}</arg>
<kw name="Click Element" library="SeleniumLibrary">
<arg>link=Discord</arg>
<doc>Click the element identified by ``locator``.</doc>
<msg timestamp="20230510 21:22:53.553" level="INFO">Clicking element 'link=Discord'.</msg>
<status status="PASS" starttime="20230510 21:22:53.552" endtime="20230510 21:22:57.894"/>
</kw>
<kw name="Sleep" library="BuiltIn">
<arg>2</arg>
<doc>Pauses the test executed for the given time.</doc>
<msg timestamp="20230510 21:22:59.896" level="INFO">Slept 2 seconds</msg>
<status status="PASS" starttime="20230510 21:22:57.894" endtime="20230510 21:22:59.896"/>
</kw>
<kw name="Location Should Be" library="SeleniumLibrary">
<arg>${URL_Discord}</arg>
<doc>Verifies that the current URL is exactly ``url``.</doc>
<msg timestamp="20230510 21:22:59.902" level="INFO">Current location is 'https://discord.com/invite/JUAQDevqaH'.</msg>
<status status="PASS" starttime="20230510 21:22:59.896" endtime="20230510 21:22:59.902"/>
</kw>
<kw name="Go To" library="SeleniumLibrary">
<arg>${URL}</arg>
<doc>Navigates the current browser window to the provided ``url``.</doc>
<msg timestamp="20230510 21:22:59.903" level="INFO">Opening url 'https://rosettacode.org/wiki/Rosetta_Code'</msg>
<status status="PASS" starttime="20230510 21:22:59.903" endtime="20230510 21:23:00.293"/>
</kw>
<status status="PASS" starttime="20230510 21:22:53.550" endtime="20230510 21:23:00.294"/>
</kw>
<status status="PASS" starttime="20230510 21:22:53.550" endtime="20230510 21:23:00.294"/>
</test>
<test id="s1-t3" name="Verify Facebook Navigation Link" line="12">
<kw name="Verify Facebook Navigation Link" library="Keywords">
<arg>${URL_Facebook}</arg>
<kw name="Click Element" library="SeleniumLibrary">
<arg>link=Facebook</arg>
<doc>Click the element identified by ``locator``.</doc>
<msg timestamp="20230510 21:23:00.298" level="INFO">Clicking element 'link=Facebook'.</msg>
<status status="PASS" starttime="20230510 21:23:00.297" endtime="20230510 21:23:01.888"/>
</kw>
<kw name="Sleep" library="BuiltIn">
<arg>2</arg>
<doc>Pauses the test executed for the given time.</doc>
<msg timestamp="20230510 21:23:03.890" level="INFO">Slept 2 seconds</msg>
<status status="PASS" starttime="20230510 21:23:01.889" endtime="20230510 21:23:03.890"/>
</kw>
<kw name="Location Should Be" library="SeleniumLibrary">
<arg>${URL_Facebook}</arg>
<doc>Verifies that the current URL is exactly ``url``.</doc>
<msg timestamp="20230510 21:23:03.896" level="INFO">Current location is 'https://www.facebook.com/rosettacode'.</msg>
<status status="PASS" starttime="20230510 21:23:03.890" endtime="20230510 21:23:03.896"/>
</kw>
<kw name="Go To" library="SeleniumLibrary">
<arg>${URL}</arg>
<doc>Navigates the current browser window to the provided ``url``.</doc>
<msg timestamp="20230510 21:23:03.897" level="INFO">Opening url 'https://rosettacode.org/wiki/Rosetta_Code'</msg>
<status status="PASS" starttime="20230510 21:23:03.897" endtime="20230510 21:23:04.263"/>
</kw>
<status status="PASS" starttime="20230510 21:23:00.297" endtime="20230510 21:23:04.263"/>
</kw>
<status status="PASS" starttime="20230510 21:23:00.296" endtime="20230510 21:23:04.263"/>
</test>
<test id="s1-t4" name="Verify Wiki Navigation Link" line="14">
<kw name="Verify Wiki Navigation Link" library="Keywords">
<arg>${URL_Wiki}</arg>
<kw name="Click Element" library="SeleniumLibrary">
<arg>link=Languages</arg>
<doc>Click the element identified by ``locator``.</doc>
<msg timestamp="20230510 21:23:04.270" level="INFO">Clicking element 'link=Languages'.</msg>
<status status="PASS" starttime="20230510 21:23:04.269" endtime="20230510 21:23:05.030"/>
</kw>
<kw name="Sleep" library="BuiltIn">
<arg>2</arg>
<doc>Pauses the test executed for the given time.</doc>
<msg timestamp="20230510 21:23:07.030" level="INFO">Slept 2 seconds</msg>
<status status="PASS" starttime="20230510 21:23:05.030" endtime="20230510 21:23:07.030"/>
</kw>
<kw name="Location Should Be" library="SeleniumLibrary">
<arg>${URL_Wiki}</arg>
<doc>Verifies that the current URL is exactly ``url``.</doc>
<msg timestamp="20230510 21:23:07.037" level="INFO">Current location is 'https://rosettacode.org/wiki/Category:Programming_Languages'.</msg>
<status status="PASS" starttime="20230510 21:23:07.030" endtime="20230510 21:23:07.038"/>
</kw>
<kw name="Go To" library="SeleniumLibrary">
<arg>${URL}</arg>
<doc>Navigates the current browser window to the provided ``url``.</doc>
<msg timestamp="20230510 21:23:07.038" level="INFO">Opening url 'https://rosettacode.org/wiki/Rosetta_Code'</msg>
<status status="PASS" starttime="20230510 21:23:07.038" endtime="20230510 21:23:07.227"/>
</kw>
<status status="PASS" starttime="20230510 21:23:04.267" endtime="20230510 21:23:07.227"/>
</kw>
<status status="PASS" starttime="20230510 21:23:04.265" endtime="20230510 21:23:07.227"/>
</test>
<test id="s1-t5" name="Verify Page information Navigation Link" line="16">
<kw name="Verify Page information Navigation Link" library="Keywords">
<arg>${URL_PageInfo}</arg>
<kw name="Execute Javascript" library="SeleniumLibrary">
<arg>window.scrollTo(0, document.body.scrollHeight);</arg>
<doc>Executes the given JavaScript code with possible arguments.</doc>
<msg timestamp="20230510 21:23:07.234" level="INFO">Executing JavaScript:
window.scrollTo(0, document.body.scrollHeight);
Without any arguments.</msg>
<status status="PASS" starttime="20230510 21:23:07.232" endtime="20230510 21:23:07.255"/>
</kw>
<kw name="Sleep" library="BuiltIn">
<arg>1s</arg>
<doc>Pauses the test executed for the given time.</doc>
<msg timestamp="20230510 21:23:08.256" level="INFO">Slept 1 second</msg>
<status status="PASS" starttime="20230510 21:23:07.256" endtime="20230510 21:23:08.256"/>
</kw>
<kw name="Click Element" library="SeleniumLibrary">
<arg>link=Page information</arg>
<doc>Click the element identified by ``locator``.</doc>
<msg timestamp="20230510 21:23:08.257" level="INFO">Clicking element 'link=Page information'.</msg>
<status status="PASS" starttime="20230510 21:23:08.256" endtime="20230510 21:23:09.123"/>
</kw>
<kw name="Sleep" library="BuiltIn">
<arg>2s</arg>
<doc>Pauses the test executed for the given time.</doc>
<msg timestamp="20230510 21:23:11.124" level="INFO">Slept 2 seconds</msg>
<status status="PASS" starttime="20230510 21:23:09.123" endtime="20230510 21:23:11.124"/>
</kw>
<kw name="Location Should Be" library="SeleniumLibrary">
<arg>${URL_PageInfo}</arg>
<doc>Verifies that the current URL is exactly ``url``.</doc>
<msg timestamp="20230510 21:23:11.140" level="INFO">Current location is 'https://rosettacode.org/w/index.php?title=Rosetta_Code&amp;action=info'.</msg>
<status status="PASS" starttime="20230510 21:23:11.124" endtime="20230510 21:23:11.140"/>
</kw>
<kw name="Go To" library="SeleniumLibrary">
<arg>${URL}</arg>
<doc>Navigates the current browser window to the provided ``url``.</doc>
<msg timestamp="20230510 21:23:11.141" level="INFO">Opening url 'https://rosettacode.org/wiki/Rosetta_Code'</msg>
<status status="PASS" starttime="20230510 21:23:11.140" endtime="20230510 21:23:11.431"/>
</kw>
<status status="PASS" starttime="20230510 21:23:07.230" endtime="20230510 21:23:11.431"/>
</kw>
<status status="PASS" starttime="20230510 21:23:07.229" endtime="20230510 21:23:11.432"/>
</test>
<test id="s1-t6" name="Verify Cite this page Navigation Link" line="18">
<kw name="Verify Cite this page Navigation Link" library="Keywords">
<arg>${URL_CiteThisPage}</arg>
<kw name="Execute Javascript" library="SeleniumLibrary">
<arg>window.scrollTo(0, document.body.scrollHeight);</arg>
<doc>Executes the given JavaScript code with possible arguments.</doc>
<msg timestamp="20230510 21:23:11.435" level="INFO">Executing JavaScript:
window.scrollTo(0, document.body.scrollHeight);
Without any arguments.</msg>
<status status="PASS" starttime="20230510 21:23:11.434" endtime="20230510 21:23:11.475"/>
</kw>
<kw name="Sleep" library="BuiltIn">
<arg>1s</arg>
<doc>Pauses the test executed for the given time.</doc>
<msg timestamp="20230510 21:23:12.475" level="INFO">Slept 1 second</msg>
<status status="PASS" starttime="20230510 21:23:11.475" endtime="20230510 21:23:12.475"/>
</kw>
<kw name="Click Element" library="SeleniumLibrary">
<arg>link=Cite this page</arg>
<doc>Click the element identified by ``locator``.</doc>
<msg timestamp="20230510 21:23:12.476" level="INFO">Clicking element 'link=Cite this page'.</msg>
<status status="PASS" starttime="20230510 21:23:12.475" endtime="20230510 21:23:13.655"/>
</kw>
<kw name="Sleep" library="BuiltIn">
<arg>2s</arg>
<doc>Pauses the test executed for the given time.</doc>
<msg timestamp="20230510 21:23:15.656" level="INFO">Slept 2 seconds</msg>
<status status="PASS" starttime="20230510 21:23:13.655" endtime="20230510 21:23:15.656"/>
</kw>
<kw name="Location Should Be" library="SeleniumLibrary">
<arg>${URL_CiteThisPage}</arg>
<doc>Verifies that the current URL is exactly ``url``.</doc>
<msg timestamp="20230510 21:23:15.663" level="INFO">Current location is 'https://rosettacode.org/w/index.php?title=Special:CiteThisPage&amp;page=Rosetta_Code&amp;id=322370&amp;wpFormIdentifier=titleform'.</msg>
<status status="PASS" starttime="20230510 21:23:15.656" endtime="20230510 21:23:15.663"/>
</kw>
<status status="PASS" starttime="20230510 21:23:11.433" endtime="20230510 21:23:15.663"/>
</kw>
<status status="PASS" starttime="20230510 21:23:11.433" endtime="20230510 21:23:15.663"/>
</test>
<test id="s1-t7" name="Post-conditions" line="20">
<kw name="Close Browser" library="SeleniumLibrary">
<doc>Closes the current browser.</doc>
<status status="PASS" starttime="20230510 21:23:15.665" endtime="20230510 21:23:17.974"/>
</kw>
<status status="PASS" starttime="20230510 21:23:15.664" endtime="20230510 21:23:17.975"/>
</test>
<status status="PASS" starttime="20230510 21:22:49.403" endtime="20230510 21:23:17.976"/>
</suite>
<statistics>
<total>
<stat pass="7" fail="0" skip="0">All Tests</stat>
</total>
<tag>
</tag>
<suite>
<stat pass="7" fail="0" skip="0" id="s1" name="TS01">TS01</stat>
</suite>
</statistics>
<errors>
</errors>
</robot>
