<?xml version="1.0" encoding="UTF-8"?>
<robot generator="Robot 6.0.1 (Python 3.11.3 on win32)" generated="20230511 05:19:15.818" rpa="false" schemaversion="3">
<suite id="s1" name="TS04" source="C:\Users\BeiBA\PycharmProjects\pythonProject8\TS05\TS04.robot">
<test id="s1-t1" name="Searching Revisins without Choosing date" line="10">
<kw name="Open Browser" library="SeleniumLibrary">
<arg>${URL}</arg>
<arg>${BROWSER}</arg>
<arg>edge</arg>
<doc>Opens a new browser instance to the optional ``url``.</doc>
<msg timestamp="20230511 05:19:16.108" level="INFO">Opening browser 'edge' to base url 'https://meta.miraheze.org/w/index.php?title=Privacy_Policy&amp;action=history'.</msg>
<status status="PASS" starttime="20230511 05:19:16.108" endtime="20230511 05:19:19.351"/>
</kw>
<kw name="Execute Javascript" library="SeleniumLibrary">
<arg>window.scrollTo(0, document.body.scrollHeight);</arg>
<doc>Executes the given JavaScript code with possible arguments.</doc>
<msg timestamp="20230511 05:19:19.351" level="INFO">Executing JavaScript:
window.scrollTo(0, document.body.scrollHeight);
Without any arguments.</msg>
<status status="PASS" starttime="20230511 05:19:19.351" endtime="20230511 05:19:19.366"/>
</kw>
<kw name="Click Element" library="SeleniumLibrary">
<arg>${Button_FilterRevisions}</arg>
<doc>Click the element identified by ``locator``.</doc>
<msg timestamp="20230511 05:19:19.368" level="INFO">Clicking element '//SPAN[@class='oo-ui-labelElement-label'][text()='Filter revisions']'.</msg>
<status status="PASS" starttime="20230511 05:19:19.367" endtime="20230511 05:19:19.456"/>
</kw>
<kw name="Click Element" library="SeleniumLibrary">
<arg>${Button_Indicator}</arg>
<doc>Click the element identified by ``locator``.</doc>
<msg timestamp="20230511 05:19:19.459" level="INFO">Clicking element '//SPAN[@class='oo-ui-indicatorElement-indicator oo-ui-indicator-down']/self::SPAN'.</msg>
<status status="PASS" starttime="20230511 05:19:19.459" endtime="20230511 05:19:19.554"/>
</kw>
<kw name="Click Element" library="SeleniumLibrary">
<arg>${Button_DisLinks}</arg>
<doc>Click the element identified by ``locator``.</doc>
<msg timestamp="20230511 05:19:19.554" level="INFO">Clicking element '//SPAN[@class='oo-ui-labelElement-label'][text()='Disambiguation links']'.</msg>
<status status="PASS" starttime="20230511 05:19:19.554" endtime="20230511 05:19:19.618"/>
</kw>
<kw name="Click Element" library="SeleniumLibrary">
<arg>//SPAN[@class='oo-ui-labelElement-label'][text()='Show revisions']/self::SPAN</arg>
<doc>Click the element identified by ``locator``.</doc>
<msg timestamp="20230511 05:19:19.618" level="INFO">Clicking element '//SPAN[@class='oo-ui-labelElement-label'][text()='Show revisions']/self::SPAN'.</msg>
<status status="PASS" starttime="20230511 05:19:19.618" endtime="20230511 05:19:20.489"/>
</kw>
<kw name="Wait Until Element Is Visible" library="SeleniumLibrary">
<arg>//SECTION[@id='pagehistory']/self::SECTION</arg>
<doc>Waits until the element ``locator`` is visible.</doc>
<status status="PASS" starttime="20230511 05:19:20.490" endtime="20230511 05:19:20.520"/>
</kw>
<kw name="Go To" library="SeleniumLibrary">
<arg>${URL}</arg>
<doc>Navigates the current browser window to the provided ``url``.</doc>
<msg timestamp="20230511 05:19:20.521" level="INFO">Opening url 'https://meta.miraheze.org/w/index.php?title=Privacy_Policy&amp;action=history'</msg>
<status status="PASS" starttime="20230511 05:19:20.521" endtime="20230511 05:19:20.756"/>
</kw>
<status status="PASS" starttime="20230511 05:19:16.108" endtime="20230511 05:19:20.757"/>
</test>
<test id="s1-t2" name="Searching Revisions of discussiontools" line="19">
<kw name="Execute Javascript" library="SeleniumLibrary">
<arg>window.scrollTo(0, document.body.scrollHeight);</arg>
<doc>Executes the given JavaScript code with possible arguments.</doc>
<msg timestamp="20230511 05:19:20.760" level="INFO">Executing JavaScript:
window.scrollTo(0, document.body.scrollHeight);
Without any arguments.</msg>
<status status="PASS" starttime="20230511 05:19:20.759" endtime="20230511 05:19:20.768"/>
</kw>
<kw name="Click Element" library="SeleniumLibrary">
<arg>${Button_FilterRevisions}</arg>
<doc>Click the element identified by ``locator``.</doc>
<msg timestamp="20230511 05:19:20.770" level="INFO">Clicking element '//SPAN[@class='oo-ui-labelElement-label'][text()='Filter revisions']'.</msg>
<status status="PASS" starttime="20230511 05:19:20.769" endtime="20230511 05:19:20.838"/>
</kw>
<kw name="Click Element" library="SeleniumLibrary">
<arg>${Button_Indicator}</arg>
<doc>Click the element identified by ``locator``.</doc>
<msg timestamp="20230511 05:19:20.838" level="INFO">Clicking element '//SPAN[@class='oo-ui-indicatorElement-indicator oo-ui-indicator-down']/self::SPAN'.</msg>
<status status="PASS" starttime="20230511 05:19:20.838" endtime="20230511 05:19:20.935"/>
</kw>
<kw name="Click Element" library="SeleniumLibrary">
<arg>${Button_Date}</arg>
<doc>Click the element identified by ``locator``.</doc>
<msg timestamp="20230511 05:19:20.938" level="INFO">Clicking element '//SPAN[@class='oo-ui-labelElement-label'][text()='discussiontools (hidden tag)']/self::SPAN'.</msg>
<status status="PASS" starttime="20230511 05:19:20.938" endtime="20230511 05:19:21.058"/>
</kw>
<kw name="Click Element" library="SeleniumLibrary">
<arg>//SPAN[@class='oo-ui-labelElement-label'][text()='Show revisions']/self::SPAN</arg>
<doc>Click the element identified by ``locator``.</doc>
<msg timestamp="20230511 05:19:21.058" level="INFO">Clicking element '//SPAN[@class='oo-ui-labelElement-label'][text()='Show revisions']/self::SPAN'.</msg>
<status status="PASS" starttime="20230511 05:19:21.058" endtime="20230511 05:19:21.566"/>
</kw>
<kw name="Wait Until Element Is Visible" library="SeleniumLibrary">
<arg>//SPAN[@class='oo-ui-labelElement-label'][text()='Filter revisions']</arg>
<doc>Waits until the element ``locator`` is visible.</doc>
<status status="PASS" starttime="20230511 05:19:21.567" endtime="20230511 05:19:21.768"/>
</kw>
<kw name="Go To" library="SeleniumLibrary">
<arg>${URL}</arg>
<doc>Navigates the current browser window to the provided ``url``.</doc>
<msg timestamp="20230511 05:19:21.769" level="INFO">Opening url 'https://meta.miraheze.org/w/index.php?title=Privacy_Policy&amp;action=history'</msg>
<status status="PASS" starttime="20230511 05:19:21.768" endtime="20230511 05:19:22.140"/>
</kw>
<status status="PASS" starttime="20230511 05:19:20.758" endtime="20230511 05:19:22.141"/>
</test>
<test id="s1-t3" name="Searching Revisions of 2017" line="27">
<kw name="Execute Javascript" library="SeleniumLibrary">
<arg>window.scrollTo(0, document.body.scrollHeight);</arg>
<doc>Executes the given JavaScript code with possible arguments.</doc>
<msg timestamp="20230511 05:19:22.144" level="INFO">Executing JavaScript:
window.scrollTo(0, document.body.scrollHeight);
Without any arguments.</msg>
<status status="PASS" starttime="20230511 05:19:22.143" endtime="20230511 05:19:22.155"/>
</kw>
<kw name="Click Element" library="SeleniumLibrary">
<arg>${Button_FilterRevisions}</arg>
<doc>Click the element identified by ``locator``.</doc>
<msg timestamp="20230511 05:19:22.157" level="INFO">Clicking element '//SPAN[@class='oo-ui-labelElement-label'][text()='Filter revisions']'.</msg>
<status status="PASS" starttime="20230511 05:19:22.155" endtime="20230511 05:19:22.229"/>
</kw>
<kw name="Click Element" library="SeleniumLibrary">
<arg>${Button_Indicator}</arg>
<doc>Click the element identified by ``locator``.</doc>
<msg timestamp="20230511 05:19:22.234" level="INFO">Clicking element '//SPAN[@class='oo-ui-indicatorElement-indicator oo-ui-indicator-down']/self::SPAN'.</msg>
<status status="PASS" starttime="20230511 05:19:22.233" endtime="20230511 05:19:22.308"/>
</kw>
<kw name="Click Element" library="SeleniumLibrary">
<arg>${Button_2017revision}</arg>
<doc>Click the element identified by ``locator``.</doc>
<msg timestamp="20230511 05:19:22.310" level="INFO">Clicking element '//SPAN[@class='oo-ui-labelElement-label'][text()='2017 source edit']/self::SPAN'.</msg>
<status status="PASS" starttime="20230511 05:19:22.308" endtime="20230511 05:19:22.418"/>
</kw>
<kw name="Click Element" library="SeleniumLibrary">
<arg>//SPAN[@class='oo-ui-labelElement-label'][text()='Show revisions']/self::SPAN</arg>
<doc>Click the element identified by ``locator``.</doc>
<msg timestamp="20230511 05:19:22.418" level="INFO">Clicking element '//SPAN[@class='oo-ui-labelElement-label'][text()='Show revisions']/self::SPAN'.</msg>
<status status="PASS" starttime="20230511 05:19:22.418" endtime="20230511 05:19:22.918"/>
</kw>
<kw name="Wait Until Element Is Visible" library="SeleniumLibrary">
<arg>(//P)[2]</arg>
<doc>Waits until the element ``locator`` is visible.</doc>
<status status="PASS" starttime="20230511 05:19:22.924" endtime="20230511 05:19:23.074"/>
</kw>
<status status="PASS" starttime="20230511 05:19:22.142" endtime="20230511 05:19:23.075"/>
</test>
<test id="s1-t4" name="Comparison Revisions of 2017" line="34">
<kw name="Execute Javascript" library="SeleniumLibrary">
<arg>window.scrollTo(0, document.body.scrollHeight);</arg>
<doc>Executes the given JavaScript code with possible arguments.</doc>
<msg timestamp="20230511 05:19:23.077" level="INFO">Executing JavaScript:
window.scrollTo(0, document.body.scrollHeight);
Without any arguments.</msg>
<status status="PASS" starttime="20230511 05:19:23.077" endtime="20230511 05:19:23.118"/>
</kw>
<kw name="Click Element" library="SeleniumLibrary">
<arg>//INPUT[@class='historysubmit mw-history-compareselectedversions-button mw-ui-button webfonts-changed']</arg>
<doc>Click the element identified by ``locator``.</doc>
<msg timestamp="20230511 05:19:23.118" level="INFO">Clicking element '//INPUT[@class='historysubmit mw-history-compareselectedversions-button mw-ui-button webfonts-changed']'.</msg>
<status status="PASS" starttime="20230511 05:19:23.118" endtime="20230511 05:19:23.278"/>
</kw>
<kw name="Wait Until Element Is Visible" library="SeleniumLibrary">
<arg>${Result2}</arg>
<doc>Waits until the element ``locator`` is visible.</doc>
<status status="PASS" starttime="20230511 05:19:23.281" endtime="20230511 05:19:23.766"/>
</kw>
<kw name="Go To" library="SeleniumLibrary">
<arg>${URL}</arg>
<doc>Navigates the current browser window to the provided ``url``.</doc>
<msg timestamp="20230511 05:19:23.767" level="INFO">Opening url 'https://meta.miraheze.org/w/index.php?title=Privacy_Policy&amp;action=history'</msg>
<status status="PASS" starttime="20230511 05:19:23.766" endtime="20230511 05:19:23.969"/>
</kw>
<status status="PASS" starttime="20230511 05:19:23.076" endtime="20230511 05:19:23.969"/>
</test>
<test id="s1-t5" name="Comparison Revisions 2018 and 2022" line="39">
<kw name="Execute Javascript" library="SeleniumLibrary">
<arg>window.scrollTo(0, document.body.scrollHeight);</arg>
<doc>Executes the given JavaScript code with possible arguments.</doc>
<msg timestamp="20230511 05:19:23.980" level="INFO">Executing JavaScript:
window.scrollTo(0, document.body.scrollHeight);
Without any arguments.</msg>
<status status="PASS" starttime="20230511 05:19:23.978" endtime="20230511 05:19:24.010"/>
</kw>
<kw name="Click Element" library="SeleniumLibrary">
<arg>${Button_2022}</arg>
<doc>Click the element identified by ``locator``.</doc>
<msg timestamp="20230511 05:19:24.016" level="INFO">Clicking element '//INPUT[@id='mw-diff-278073']'.</msg>
<status status="PASS" starttime="20230511 05:19:24.015" endtime="20230511 05:19:24.165"/>
</kw>
<kw name="Click Element" library="SeleniumLibrary">
<arg>${Button_2018}</arg>
<doc>Click the element identified by ``locator``.</doc>
<msg timestamp="20230511 05:19:24.167" level="INFO">Clicking element '//INPUT[@id='mw-oldid-40609']'.</msg>
<status status="PASS" starttime="20230511 05:19:24.167" endtime="20230511 05:19:24.243"/>
</kw>
<kw name="Click Element" library="SeleniumLibrary">
<arg>${Button_Compare}</arg>
<doc>Click the element identified by ``locator``.</doc>
<msg timestamp="20230511 05:19:24.246" level="INFO">Clicking element '//INPUT[@class='historysubmit mw-history-compareselectedversions-button mw-ui-button webfonts-changed']/self::INPUT'.</msg>
<status status="PASS" starttime="20230511 05:19:24.244" endtime="20230511 05:19:24.360"/>
</kw>
<kw name="Wait Until Element Is Visible" library="SeleniumLibrary">
<arg>${Result3}</arg>
<doc>Waits until the element ``locator`` is visible.</doc>
<status status="PASS" starttime="20230511 05:19:24.360" endtime="20230511 05:19:24.582"/>
</kw>
<kw name="Go To" library="SeleniumLibrary">
<arg>${URL}</arg>
<doc>Navigates the current browser window to the provided ``url``.</doc>
<msg timestamp="20230511 05:19:24.583" level="INFO">Opening url 'https://meta.miraheze.org/w/index.php?title=Privacy_Policy&amp;action=history'</msg>
<status status="PASS" starttime="20230511 05:19:24.583" endtime="20230511 05:19:24.776"/>
</kw>
<status status="PASS" starttime="20230511 05:19:23.978" endtime="20230511 05:19:24.777"/>
</test>
<test id="s1-t6" name="Post-conditions" line="46">
<kw name="Close Browser" library="SeleniumLibrary">
<doc>Closes the current browser.</doc>
<status status="PASS" starttime="20230511 05:19:24.779" endtime="20230511 05:19:26.998"/>
</kw>
<status status="PASS" starttime="20230511 05:19:24.778" endtime="20230511 05:19:26.998"/>
</test>
<status status="PASS" starttime="20230511 05:19:15.828" endtime="20230511 05:19:27.003"/>
</suite>
<statistics>
<total>
<stat pass="6" fail="0" skip="0">All Tests</stat>
</total>
<tag>
</tag>
<suite>
<stat pass="6" fail="0" skip="0" id="s1" name="TS04">TS04</stat>
</suite>
</statistics>
<errors>
<msg timestamp="20230511 05:19:16.108" level="ERROR">Error in file 'C:\Users\BeiBA\PycharmProjects\pythonProject8\TS05\TS04.robot' on line 4: Resource file 'Values.robot' does not exist.</msg>
</errors>
</robot>
